INSTRUMENTATION_STATUS: numtests=14
INSTRUMENTATION_STATUS: stream=
com.amazonaws.devicefarm.android.referenceapp.Categories.AlertPageTest:
INSTRUMENTATION_STATUS: id=AndroidJUnitRunner
INSTRUMENTATION_STATUS: test=testAlert
INSTRUMENTATION_STATUS: class=com.amazonaws.devicefarm.android.referenceapp.Categories.AlertPageTest
INSTRUMENTATION_STATUS: current=1
INSTRUMENTATION_STATUS_CODE: 1
INSTRUMENTATION_STATUS: numtests=14
INSTRUMENTATION_STATUS: stream=.
INSTRUMENTATION_STATUS: id=AndroidJUnitRunner
INSTRUMENTATION_STATUS: test=testAlert
INSTRUMENTATION_STATUS: class=com.amazonaws.devicefarm.android.referenceapp.Categories.AlertPageTest
INSTRUMENTATION_STATUS: current=1
INSTRUMENTATION_STATUS_CODE: 0
INSTRUMENTATION_STATUS: numtests=14
INSTRUMENTATION_STATUS: stream=
INSTRUMENTATION_STATUS: id=AndroidJUnitRunner
INSTRUMENTATION_STATUS: test=testSanity
INSTRUMENTATION_STATUS: class=com.amazonaws.devicefarm.android.referenceapp.Categories.AlertPageTest
INSTRUMENTATION_STATUS: current=2
INSTRUMENTATION_STATUS_CODE: 1
INSTRUMENTATION_STATUS: numtests=14
INSTRUMENTATION_STATUS: stream=.
INSTRUMENTATION_STATUS: id=AndroidJUnitRunner
INSTRUMENTATION_STATUS: test=testSanity
INSTRUMENTATION_STATUS: class=com.amazonaws.devicefarm.android.referenceapp.Categories.AlertPageTest
INSTRUMENTATION_STATUS: current=2
INSTRUMENTATION_STATUS_CODE: 0
INSTRUMENTATION_STATUS: numtests=14
INSTRUMENTATION_STATUS: stream=
INSTRUMENTATION_STATUS: id=AndroidJUnitRunner
INSTRUMENTATION_STATUS: test=testToast
INSTRUMENTATION_STATUS: class=com.amazonaws.devicefarm.android.referenceapp.Categories.AlertPageTest
INSTRUMENTATION_STATUS: current=3
INSTRUMENTATION_STATUS_CODE: 1
INSTRUMENTATION_STATUS: numtests=14
INSTRUMENTATION_STATUS: stream=.
INSTRUMENTATION_STATUS: id=AndroidJUnitRunner
INSTRUMENTATION_STATUS: test=testToast
INSTRUMENTATION_STATUS: class=com.amazonaws.devicefarm.android.referenceapp.Categories.AlertPageTest
INSTRUMENTATION_STATUS: current=3
INSTRUMENTATION_STATUS_CODE: 0
INSTRUMENTATION_STATUS: numtests=14
INSTRUMENTATION_STATUS: stream=
INSTRUMENTATION_STATUS: id=AndroidJUnitRunner
INSTRUMENTATION_STATUS: test=testAlert
INSTRUMENTATION_STATUS: class=com.amazonaws.devicefarm.android.referenceapp.Categories.AlertPageTest
INSTRUMENTATION_STATUS: current=4
INSTRUMENTATION_STATUS_CODE: 1
INSTRUMENTATION_STATUS: numtests=14
INSTRUMENTATION_STATUS: stream=.
INSTRUMENTATION_STATUS: id=AndroidJUnitRunner
INSTRUMENTATION_STATUS: test=testAlert
INSTRUMENTATION_STATUS: class=com.amazonaws.devicefarm.android.referenceapp.Categories.AlertPageTest
INSTRUMENTATION_STATUS: current=4
INSTRUMENTATION_STATUS_CODE: 0
INSTRUMENTATION_STATUS: numtests=14
INSTRUMENTATION_STATUS: stream=
INSTRUMENTATION_STATUS: id=AndroidJUnitRunner
INSTRUMENTATION_STATUS: test=testSanity
INSTRUMENTATION_STATUS: class=com.amazonaws.devicefarm.android.referenceapp.Categories.AlertPageTest
INSTRUMENTATION_STATUS: current=5
INSTRUMENTATION_STATUS_CODE: 1
INSTRUMENTATION_STATUS: numtests=14
INSTRUMENTATION_STATUS: stream=.
INSTRUMENTATION_STATUS: id=AndroidJUnitRunner
INSTRUMENTATION_STATUS: test=testSanity
INSTRUMENTATION_STATUS: class=com.amazonaws.devicefarm.android.referenceapp.Categories.AlertPageTest
INSTRUMENTATION_STATUS: current=5
INSTRUMENTATION_STATUS_CODE: 0
INSTRUMENTATION_STATUS: numtests=14
INSTRUMENTATION_STATUS: stream=
INSTRUMENTATION_STATUS: id=AndroidJUnitRunner
INSTRUMENTATION_STATUS: test=testToast
INSTRUMENTATION_STATUS: class=com.amazonaws.devicefarm.android.referenceapp.Categories.AlertPageTest
INSTRUMENTATION_STATUS: current=6
INSTRUMENTATION_STATUS_CODE: 1
INSTRUMENTATION_STATUS: numtests=14
INSTRUMENTATION_STATUS: stream=.
INSTRUMENTATION_STATUS: id=AndroidJUnitRunner
INSTRUMENTATION_STATUS: test=testToast
INSTRUMENTATION_STATUS: class=com.amazonaws.devicefarm.android.referenceapp.Categories.AlertPageTest
INSTRUMENTATION_STATUS: current=6
INSTRUMENTATION_STATUS_CODE: 0
INSTRUMENTATION_STATUS: numtests=14
INSTRUMENTATION_STATUS: stream=
com.amazonaws.devicefarm.android.referenceapp.Categories.HomePageTest:
INSTRUMENTATION_STATUS: id=AndroidJUnitRunner
INSTRUMENTATION_STATUS: test=testSanity
INSTRUMENTATION_STATUS: class=com.amazonaws.devicefarm.android.referenceapp.Categories.HomePageTest
INSTRUMENTATION_STATUS: current=7
INSTRUMENTATION_STATUS_CODE: 1
INSTRUMENTATION_STATUS: numtests=14
INSTRUMENTATION_STATUS: stream=.
INSTRUMENTATION_STATUS: id=AndroidJUnitRunner
INSTRUMENTATION_STATUS: test=testSanity
INSTRUMENTATION_STATUS: class=com.amazonaws.devicefarm.android.referenceapp.Categories.HomePageTest
INSTRUMENTATION_STATUS: current=7
INSTRUMENTATION_STATUS_CODE: 0
INSTRUMENTATION_STATUS: numtests=14
INSTRUMENTATION_STATUS: stream=
com.amazonaws.devicefarm.android.referenceapp.Categories.LoginPageTest:
INSTRUMENTATION_STATUS: id=AndroidJUnitRunner
INSTRUMENTATION_STATUS: test=testLoginFailCheck
INSTRUMENTATION_STATUS: class=com.amazonaws.devicefarm.android.referenceapp.Categories.LoginPageTest
INSTRUMENTATION_STATUS: current=8
INSTRUMENTATION_STATUS_CODE: 1
INSTRUMENTATION_STATUS: numtests=14
INSTRUMENTATION_STATUS: stream=
Error in testLoginFailCheck(com.amazonaws.devicefarm.android.referenceapp.Categories.LoginPageTest):
android.support.test.espresso.NoActivityResumedException: No activities in stage RESUMED. Did you forget to launch the activity. (test.getActivity() or similar)?
	at dalvik.system.VMStack.getThreadStackTrace(Native Method)
	at java.lang.Thread.getStackTrace(Thread.java:1566)
	at android.support.test.espresso.base.DefaultFailureHandler.getUserFriendlyError(DefaultFailureHandler.java:82)
	at android.support.test.espresso.base.DefaultFailureHandler.handle(DefaultFailureHandler.java:53)
	at android.support.test.espresso.ViewInteraction.runSynchronouslyOnUiThread(ViewInteraction.java:184)
	at android.support.test.espresso.ViewInteraction.doPerform(ViewInteraction.java:115)
	at android.support.test.espresso.ViewInteraction.perform(ViewInteraction.java:87)
	at com.amazonaws.devicefarm.android.referenceapp.BaseADFTest.writeTextIntoTextBox(BaseADFTest.java:98)
	at com.amazonaws.devicefarm.android.referenceapp.Categories.LoginPageTest.loginIn(LoginPageTest.java:82)
	at com.amazonaws.devicefarm.android.referenceapp.Categories.LoginPageTest.testLoginFailCheck(LoginPageTest.java:56)
	at java.lang.reflect.Method.invoke(Native Method)
	at android.test.InstrumentationTestCase.runMethod(InstrumentationTestCase.java:220)
	at android.test.InstrumentationTestCase.runTest(InstrumentationTestCase.java:205)
	at android.test.ActivityInstrumentationTestCase2.runTest(ActivityInstrumentationTestCase2.java:192)
	at junit.framework.TestCase.runBare(TestCase.java:134)
	at junit.framework.TestResult$1.protect(TestResult.java:115)
	at junit.framework.TestResult.runProtected(TestResult.java:133)
	at android.support.test.internal.runner.junit3.DelegatingTestResult.runProtected(DelegatingTestResult.java:90)
	at junit.framework.TestResult.run(TestResult.java:118)
	at android.support.test.internal.runner.junit3.AndroidTestResult.run(AndroidTestResult.java:49)
	at junit.framework.TestCase.run(TestCase.java:124)
	at android.support.test.internal.runner.junit3.NonLeakyTestSuite$NonLeakyTest.run(NonLeakyTestSuite.java:63)
	at junit.framework.TestSuite.runTest(TestSuite.java:243)
	at junit.framework.TestSuite.run(TestSuite.java:238)
	at android.support.test.internal.runner.junit3.DelegatingTestSuite.run(DelegatingTestSuite.java:103)
	at android.support.test.internal.runner.junit3.AndroidTestSuite.run(AndroidTestSuite.java:63)
	at android.support.test.internal.runner.junit3.JUnit38ClassRunner.run(JUnit38ClassRunner.java:90)
	at org.junit.runners.Suite.runChild(Suite.java:128)
	at org.junit.runners.Suite.runChild(Suite.java:27)
	at org.junit.runners.ParentRunner$3.run(ParentRunner.java:290)
	at org.junit.runners.ParentRunner$1.schedule(ParentRunner.java:71)
	at org.junit.runners.ParentRunner.runChildren(ParentRunner.java:288)
	at org.junit.runners.ParentRunner.access$000(ParentRunner.java:58)
	at org.junit.runners.ParentRunner$2.evaluate(ParentRunner.java:268)
	at org.junit.runners.ParentRunner.run(ParentRunner.java:363)
	at org.junit.runners.Suite.runChild(Suite.java:128)
	at org.junit.runners.Suite.runChild(Suite.java:27)
	at org.junit.runners.ParentRunner$3.run(ParentRunner.java:290)
	at org.junit.runners.ParentRunner$1.schedule(ParentRunner.java:71)
	at org.junit.runners.ParentRunner.runChildren(ParentRunner.java:288)
	at org.junit.runners.ParentRunner.access$000(ParentRunner.java:58)
	at org.junit.runners.ParentRunner$2.evaluate(ParentRunner.java:268)
	at org.junit.runners.ParentRunner.run(ParentRunner.java:363)
	at org.junit.runner.JUnitCore.run(JUnitCore.java:137)
	at org.junit.runner.JUnitCore.run(JUnitCore.java:115)
	at android.support.test.internal.runner.TestExecutor.execute(TestExecutor.java:54)
	at android.support.test.runner.AndroidJUnitRunner.onStart(AndroidJUnitRunner.java:228)
	at android.app.Instrumentation$InstrumentationThread.run(Instrumentation.java:1932)

INSTRUMENTATION_STATUS: id=AndroidJUnitRunner
INSTRUMENTATION_STATUS: test=testLoginFailCheck
INSTRUMENTATION_STATUS: class=com.amazonaws.devicefarm.android.referenceapp.Categories.LoginPageTest
INSTRUMENTATION_STATUS: stack=android.support.test.espresso.NoActivityResumedException: No activities in stage RESUMED. Did you forget to launch the activity. (test.getActivity() or similar)?
	at dalvik.system.VMStack.getThreadStackTrace(Native Method)
	at java.lang.Thread.getStackTrace(Thread.java:1566)
	at android.support.test.espresso.base.DefaultFailureHandler.getUserFriendlyError(DefaultFailureHandler.java:82)
	at android.support.test.espresso.base.DefaultFailureHandler.handle(DefaultFailureHandler.java:53)
	at android.support.test.espresso.ViewInteraction.runSynchronouslyOnUiThread(ViewInteraction.java:184)
	at android.support.test.espresso.ViewInteraction.doPerform(ViewInteraction.java:115)
	at android.support.test.espresso.ViewInteraction.perform(ViewInteraction.java:87)
	at com.amazonaws.devicefarm.android.referenceapp.BaseADFTest.writeTextIntoTextBox(BaseADFTest.java:98)
	at com.amazonaws.devicefarm.android.referenceapp.Categories.LoginPageTest.loginIn(LoginPageTest.java:82)
	at com.amazonaws.devicefarm.android.referenceapp.Categories.LoginPageTest.testLoginFailCheck(LoginPageTest.java:56)
	at java.lang.reflect.Method.invoke(Native Method)
	at android.test.InstrumentationTestCase.runMethod(InstrumentationTestCase.java:220)
	at android.test.InstrumentationTestCase.runTest(InstrumentationTestCase.java:205)
	at android.test.ActivityInstrumentationTestCase2.runTest(ActivityInstrumentationTestCase2.java:192)
	at junit.framework.TestCase.runBare(TestCase.java:134)
	at junit.framework.TestResult$1.protect(TestResult.java:115)
	at junit.framework.TestResult.runProtected(TestResult.java:133)
	at android.support.test.internal.runner.junit3.DelegatingTestResult.runProtected(DelegatingTestResult.java:90)
	at junit.framework.TestResult.run(TestResult.java:118)
	at android.support.test.internal.runner.junit3.AndroidTestResult.run(AndroidTestResult.java:49)
	at junit.framework.TestCase.run(TestCase.java:124)
	at android.support.test.internal.runner.junit3.NonLeakyTestSuite$NonLeakyTest.run(NonLeakyTestSuite.java:63)
	at junit.framework.TestSuite.runTest(TestSuite.java:243)
	at junit.framework.TestSuite.run(TestSuite.java:238)
	at android.support.test.internal.runner.junit3.DelegatingTestSuite.run(DelegatingTestSuite.java:103)
	at android.support.test.internal.runner.junit3.AndroidTestSuite.run(AndroidTestSuite.java:63)
	at android.support.test.internal.runner.junit3.JUnit38ClassRunner.run(JUnit38ClassRunner.java:90)
	at org.junit.runners.Suite.runChild(Suite.java:128)
	at org.junit.runners.Suite.runChild(Suite.java:27)
	at org.junit.runners.ParentRunner$3.run(ParentRunner.java:290)
	at org.junit.runners.ParentRunner$1.schedule(ParentRunner.java:71)
	at org.junit.runners.ParentRunner.runChildren(ParentRunner.java:288)
	at org.junit.runners.ParentRunner.access$000(ParentRunner.java:58)
	at org.junit.runners.ParentRunner$2.evaluate(ParentRunner.java:268)
	at org.junit.runners.ParentRunner.run(ParentRunner.java:363)
	at org.junit.runners.Suite.runChild(Suite.java:128)
	at org.junit.runners.Suite.runChild(Suite.java:27)
	at org.junit.runners.ParentRunner$3.run(ParentRunner.java:290)
	at org.junit.runners.ParentRunner$1.schedule(ParentRunner.java:71)
	at org.junit.runners.ParentRunner.runChildren(ParentRunner.java:288)
	at org.junit.runners.ParentRunner.access$000(ParentRunner.java:58)
	at org.junit.runners.ParentRunner$2.evaluate(ParentRunner.java:268)
	at org.junit.runners.ParentRunner.run(ParentRunner.java:363)
	at org.junit.runner.JUnitCore.run(JUnitCore.java:137)
	at org.junit.runner.JUnitCore.run(JUnitCore.java:115)
	at android.support.test.internal.runner.TestExecutor.execute(TestExecutor.java:54)
	at android.support.test.runner.AndroidJUnitRunner.onStart(AndroidJUnitRunner.java:228)
	at android.app.Instrumentation$InstrumentationThread.run(Instrumentation.java:1932)

INSTRUMENTATION_STATUS: current=8
INSTRUMENTATION_STATUS_CODE: -2
INSTRUMENTATION_STATUS: numtests=14
INSTRUMENTATION_STATUS: stream=
INSTRUMENTATION_STATUS: id=AndroidJUnitRunner
INSTRUMENTATION_STATUS: test=testLoginPassCheck
INSTRUMENTATION_STATUS: class=com.amazonaws.devicefarm.android.referenceapp.Categories.LoginPageTest
INSTRUMENTATION_STATUS: current=9
INSTRUMENTATION_STATUS_CODE: 1
INSTRUMENTATION_STATUS: numtests=14
INSTRUMENTATION_STATUS: stream=
Error in testLoginPassCheck(com.amazonaws.devicefarm.android.referenceapp.Categories.LoginPageTest):
java.lang.RuntimeException: Could not launch intent Intent { act=android.intent.action.MAIN flg=0x10000000 cmp=com.amazonaws.devicefarm.android.referenceapp/.Activities.MainActivity } within 45 seconds. Perhaps the main thread has not gone idle within a reasonable amount of time? There could be an animation or something constantly repainting the screen. Or the activity is doing network calls on creation? See the threaddump logs. For your reference the last time the event queue was idle before your activity launch request was 1547262488305 and now the last time the queue went idle was: 1547262533172. If these numbers are the same your activity might be hogging the event queue.
	at android.support.test.runner.MonitoringInstrumentation.startActivitySync(MonitoringInstrumentation.java:315)
	at android.test.InstrumentationTestCase.launchActivityWithIntent(InstrumentationTestCase.java:125)
	at android.test.InstrumentationTestCase.launchActivity(InstrumentationTestCase.java:103)
	at android.test.ActivityInstrumentationTestCase2.getActivity(ActivityInstrumentationTestCase2.java:104)
	at com.amazonaws.devicefarm.android.referenceapp.BaseADFTest.setUp(BaseADFTest.java:68)
	at junit.framework.TestCase.runBare(TestCase.java:132)
	at junit.framework.TestResult$1.protect(TestResult.java:115)
	at junit.framework.TestResult.runProtected(TestResult.java:133)
	at android.support.test.internal.runner.junit3.DelegatingTestResult.runProtected(DelegatingTestResult.java:90)
	at junit.framework.TestResult.run(TestResult.java:118)
	at android.support.test.internal.runner.junit3.AndroidTestResult.run(AndroidTestResult.java:49)
	at junit.framework.TestCase.run(TestCase.java:124)
	at android.support.test.internal.runner.junit3.NonLeakyTestSuite$NonLeakyTest.run(NonLeakyTestSuite.java:63)
	at junit.framework.TestSuite.runTest(TestSuite.java:243)
	at junit.framework.TestSuite.run(TestSuite.java:238)
	at android.support.test.internal.runner.junit3.DelegatingTestSuite.run(DelegatingTestSuite.java:103)
	at android.support.test.internal.runner.junit3.AndroidTestSuite.run(AndroidTestSuite.java:63)
	at android.support.test.internal.runner.junit3.JUnit38ClassRunner.run(JUnit38ClassRunner.java:90)
	at org.junit.runners.Suite.runChild(Suite.java:128)
	at org.junit.runners.Suite.runChild(Suite.java:27)
	at org.junit.runners.ParentRunner$3.run(ParentRunner.java:290)
	at org.junit.runners.ParentRunner$1.schedule(ParentRunner.java:71)
	at org.junit.runners.ParentRunner.runChildren(ParentRunner.java:288)
	at org.junit.runners.ParentRunner.access$000(ParentRunner.java:58)
	at org.junit.runners.ParentRunner$2.evaluate(ParentRunner.java:268)
	at org.junit.runners.ParentRunner.run(ParentRunner.java:363)
	at org.junit.runners.Suite.runChild(Suite.java:128)
	at org.junit.runners.Suite.runChild(Suite.java:27)
	at org.junit.runners.ParentRunner$3.run(ParentRunner.java:290)
	at org.junit.runners.ParentRunner$1.schedule(ParentRunner.java:71)
	at org.junit.runners.ParentRunner.runChildren(ParentRunner.java:288)
	at org.junit.runners.ParentRunner.access$000(ParentRunner.java:58)
	at org.junit.runners.ParentRunner$2.evaluate(ParentRunner.java:268)
	at org.junit.runners.ParentRunner.run(ParentRunner.java:363)
	at org.junit.runner.JUnitCore.run(JUnitCore.java:137)
	at org.junit.runner.JUnitCore.run(JUnitCore.java:115)
	at android.support.test.internal.runner.TestExecutor.execute(TestExecutor.java:54)
	at android.support.test.runner.AndroidJUnitRunner.onStart(AndroidJUnitRunner.java:228)
	at android.app.Instrumentation$InstrumentationThread.run(Instrumentation.java:1932)

INSTRUMENTATION_STATUS: id=AndroidJUnitRunner
INSTRUMENTATION_STATUS: test=testLoginPassCheck
INSTRUMENTATION_STATUS: class=com.amazonaws.devicefarm.android.referenceapp.Categories.LoginPageTest
INSTRUMENTATION_STATUS: stack=java.lang.RuntimeException: Could not launch intent Intent { act=android.intent.action.MAIN flg=0x10000000 cmp=com.amazonaws.devicefarm.android.referenceapp/.Activities.MainActivity } within 45 seconds. Perhaps the main thread has not gone idle within a reasonable amount of time? There could be an animation or something constantly repainting the screen. Or the activity is doing network calls on creation? See the threaddump logs. For your reference the last time the event queue was idle before your activity launch request was 1547262488305 and now the last time the queue went idle was: 1547262533172. If these numbers are the same your activity might be hogging the event queue.
	at android.support.test.runner.MonitoringInstrumentation.startActivitySync(MonitoringInstrumentation.java:315)
	at android.test.InstrumentationTestCase.launchActivityWithIntent(InstrumentationTestCase.java:125)
	at android.test.InstrumentationTestCase.launchActivity(InstrumentationTestCase.java:103)
	at android.test.ActivityInstrumentationTestCase2.getActivity(ActivityInstrumentationTestCase2.java:104)
	at com.amazonaws.devicefarm.android.referenceapp.BaseADFTest.setUp(BaseADFTest.java:68)
	at junit.framework.TestCase.runBare(TestCase.java:132)
	at junit.framework.TestResult$1.protect(TestResult.java:115)
	at junit.framework.TestResult.runProtected(TestResult.java:133)
	at android.support.test.internal.runner.junit3.DelegatingTestResult.runProtected(DelegatingTestResult.java:90)
	at junit.framework.TestResult.run(TestResult.java:118)
	at android.support.test.internal.runner.junit3.AndroidTestResult.run(AndroidTestResult.java:49)
	at junit.framework.TestCase.run(TestCase.java:124)
	at android.support.test.internal.runner.junit3.NonLeakyTestSuite$NonLeakyTest.run(NonLeakyTestSuite.java:63)
	at junit.framework.TestSuite.runTest(TestSuite.java:243)
	at junit.framework.TestSuite.run(TestSuite.java:238)
	at android.support.test.internal.runner.junit3.DelegatingTestSuite.run(DelegatingTestSuite.java:103)
	at android.support.test.internal.runner.junit3.AndroidTestSuite.run(AndroidTestSuite.java:63)
	at android.support.test.internal.runner.junit3.JUnit38ClassRunner.run(JUnit38ClassRunner.java:90)
	at org.junit.runners.Suite.runChild(Suite.java:128)
	at org.junit.runners.Suite.runChild(Suite.java:27)
	at org.junit.runners.ParentRunner$3.run(ParentRunner.java:290)
	at org.junit.runners.ParentRunner$1.schedule(ParentRunner.java:71)
	at org.junit.runners.ParentRunner.runChildren(ParentRunner.java:288)
	at org.junit.runners.ParentRunner.access$000(ParentRunner.java:58)
	at org.junit.runners.ParentRunner$2.evaluate(ParentRunner.java:268)
	at org.junit.runners.ParentRunner.run(ParentRunner.java:363)
	at org.junit.runners.Suite.runChild(Suite.java:128)
	at org.junit.runners.Suite.runChild(Suite.java:27)
	at org.junit.runners.ParentRunner$3.run(ParentRunner.java:290)
	at org.junit.runners.ParentRunner$1.schedule(ParentRunner.java:71)
	at org.junit.runners.ParentRunner.runChildren(ParentRunner.java:288)
	at org.junit.runners.ParentRunner.access$000(ParentRunner.java:58)
	at org.junit.runners.ParentRunner$2.evaluate(ParentRunner.java:268)
	at org.junit.runners.ParentRunner.run(ParentRunner.java:363)
	at org.junit.runner.JUnitCore.run(JUnitCore.java:137)
	at org.junit.runner.JUnitCore.run(JUnitCore.java:115)
	at android.support.test.internal.runner.TestExecutor.execute(TestExecutor.java:54)
	at android.support.test.runner.AndroidJUnitRunner.onStart(AndroidJUnitRunner.java:228)
	at android.app.Instrumentation$InstrumentationThread.run(Instrumentation.java:1932)

INSTRUMENTATION_STATUS: current=9
INSTRUMENTATION_STATUS_CODE: -2
INSTRUMENTATION_STATUS: numtests=14
INSTRUMENTATION_STATUS: stream=
INSTRUMENTATION_STATUS: id=AndroidJUnitRunner
INSTRUMENTATION_STATUS: test=testSanity
INSTRUMENTATION_STATUS: class=com.amazonaws.devicefarm.android.referenceapp.Categories.LoginPageTest
INSTRUMENTATION_STATUS: current=10
INSTRUMENTATION_STATUS_CODE: 1
INSTRUMENTATION_STATUS: numtests=14
INSTRUMENTATION_STATUS: stream=
Error in testSanity(com.amazonaws.devicefarm.android.referenceapp.Categories.LoginPageTest):
java.lang.RuntimeException: Could not launch intent Intent { act=android.intent.action.MAIN flg=0x10000000 cmp=com.amazonaws.devicefarm.android.referenceapp/.Activities.MainActivity } within 45 seconds. Perhaps the main thread has not gone idle within a reasonable amount of time? There could be an animation or something constantly repainting the screen. Or the activity is doing network calls on creation? See the threaddump logs. For your reference the last time the event queue was idle before your activity launch request was 1547262533386 and now the last time the queue went idle was: 1547262578355. If these numbers are the same your activity might be hogging the event queue.
	at android.support.test.runner.MonitoringInstrumentation.startActivitySync(MonitoringInstrumentation.java:315)
	at android.test.InstrumentationTestCase.launchActivityWithIntent(InstrumentationTestCase.java:125)
	at android.test.InstrumentationTestCase.launchActivity(InstrumentationTestCase.java:103)
	at android.test.ActivityInstrumentationTestCase2.getActivity(ActivityInstrumentationTestCase2.java:104)
	at com.amazonaws.devicefarm.android.referenceapp.BaseADFTest.setUp(BaseADFTest.java:68)
	at junit.framework.TestCase.runBare(TestCase.java:132)
	at junit.framework.TestResult$1.protect(TestResult.java:115)
	at junit.framework.TestResult.runProtected(TestResult.java:133)
	at android.support.test.internal.runner.junit3.DelegatingTestResult.runProtected(DelegatingTestResult.java:90)
	at junit.framework.TestResult.run(TestResult.java:118)
	at android.support.test.internal.runner.junit3.AndroidTestResult.run(AndroidTestResult.java:49)
	at junit.framework.TestCase.run(TestCase.java:124)
	at android.support.test.internal.runner.junit3.NonLeakyTestSuite$NonLeakyTest.run(NonLeakyTestSuite.java:63)
	at junit.framework.TestSuite.runTest(TestSuite.java:243)
	at junit.framework.TestSuite.run(TestSuite.java:238)
	at android.support.test.internal.runner.junit3.DelegatingTestSuite.run(DelegatingTestSuite.java:103)
	at android.support.test.internal.runner.junit3.AndroidTestSuite.run(AndroidTestSuite.java:63)
	at android.support.test.internal.runner.junit3.JUnit38ClassRunner.run(JUnit38ClassRunner.java:90)
	at org.junit.runners.Suite.runChild(Suite.java:128)
	at org.junit.runners.Suite.runChild(Suite.java:27)
	at org.junit.runners.ParentRunner$3.run(ParentRunner.java:290)
	at org.junit.runners.ParentRunner$1.schedule(ParentRunner.java:71)
	at org.junit.runners.ParentRunner.runChildren(ParentRunner.java:288)
	at org.junit.runners.ParentRunner.access$000(ParentRunner.java:58)
	at org.junit.runners.ParentRunner$2.evaluate(ParentRunner.java:268)
	at org.junit.runners.ParentRunner.run(ParentRunner.java:363)
	at org.junit.runners.Suite.runChild(Suite.java:128)
	at org.junit.runners.Suite.runChild(Suite.java:27)
	at org.junit.runners.ParentRunner$3.run(ParentRunner.java:290)
	at org.junit.runners.ParentRunner$1.schedule(ParentRunner.java:71)
	at org.junit.runners.ParentRunner.runChildren(ParentRunner.java:288)
	at org.junit.runners.ParentRunner.access$000(ParentRunner.java:58)
	at org.junit.runners.ParentRunner$2.evaluate(ParentRunner.java:268)
	at org.junit.runners.ParentRunner.run(ParentRunner.java:363)
	at org.junit.runner.JUnitCore.run(JUnitCore.java:137)
	at org.junit.runner.JUnitCore.run(JUnitCore.java:115)
	at android.support.test.internal.runner.TestExecutor.execute(TestExecutor.java:54)
	at android.support.test.runner.AndroidJUnitRunner.onStart(AndroidJUnitRunner.java:228)
	at android.app.Instrumentation$InstrumentationThread.run(Instrumentation.java:1932)

INSTRUMENTATION_STATUS: id=AndroidJUnitRunner
INSTRUMENTATION_STATUS: test=testSanity
INSTRUMENTATION_STATUS: class=com.amazonaws.devicefarm.android.referenceapp.Categories.LoginPageTest
INSTRUMENTATION_STATUS: stack=java.lang.RuntimeException: Could not launch intent Intent { act=android.intent.action.MAIN flg=0x10000000 cmp=com.amazonaws.devicefarm.android.referenceapp/.Activities.MainActivity } within 45 seconds. Perhaps the main thread has not gone idle within a reasonable amount of time? There could be an animation or something constantly repainting the screen. Or the activity is doing network calls on creation? See the threaddump logs. For your reference the last time the event queue was idle before your activity launch request was 1547262533386 and now the last time the queue went idle was: 1547262578355. If these numbers are the same your activity might be hogging the event queue.
	at android.support.test.runner.MonitoringInstrumentation.startActivitySync(MonitoringInstrumentation.java:315)
	at android.test.InstrumentationTestCase.launchActivityWithIntent(InstrumentationTestCase.java:125)
	at android.test.InstrumentationTestCase.launchActivity(InstrumentationTestCase.java:103)
	at android.test.ActivityInstrumentationTestCase2.getActivity(ActivityInstrumentationTestCase2.java:104)
	at com.amazonaws.devicefarm.android.referenceapp.BaseADFTest.setUp(BaseADFTest.java:68)
	at junit.framework.TestCase.runBare(TestCase.java:132)
	at junit.framework.TestResult$1.protect(TestResult.java:115)
	at junit.framework.TestResult.runProtected(TestResult.java:133)
	at android.support.test.internal.runner.junit3.DelegatingTestResult.runProtected(DelegatingTestResult.java:90)
	at junit.framework.TestResult.run(TestResult.java:118)
	at android.support.test.internal.runner.junit3.AndroidTestResult.run(AndroidTestResult.java:49)
	at junit.framework.TestCase.run(TestCase.java:124)
	at android.support.test.internal.runner.junit3.NonLeakyTestSuite$NonLeakyTest.run(NonLeakyTestSuite.java:63)
	at junit.framework.TestSuite.runTest(TestSuite.java:243)
	at junit.framework.TestSuite.run(TestSuite.java:238)
	at android.support.test.internal.runner.junit3.DelegatingTestSuite.run(DelegatingTestSuite.java:103)
	at android.support.test.internal.runner.junit3.AndroidTestSuite.run(AndroidTestSuite.java:63)
	at android.support.test.internal.runner.junit3.JUnit38ClassRunner.run(JUnit38ClassRunner.java:90)
	at org.junit.runners.Suite.runChild(Suite.java:128)
	at org.junit.runners.Suite.runChild(Suite.java:27)
	at org.junit.runners.ParentRunner$3.run(ParentRunner.java:290)
	at org.junit.runners.ParentRunner$1.schedule(ParentRunner.java:71)
	at org.junit.runners.ParentRunner.runChildren(ParentRunner.java:288)
	at org.junit.runners.ParentRunner.access$000(ParentRunner.java:58)
	at org.junit.runners.ParentRunner$2.evaluate(ParentRunner.java:268)
	at org.junit.runners.ParentRunner.run(ParentRunner.java:363)
	at org.junit.runners.Suite.runChild(Suite.java:128)
	at org.junit.runners.Suite.runChild(Suite.java:27)
	at org.junit.runners.ParentRunner$3.run(ParentRunner.java:290)
	at org.junit.runners.ParentRunner$1.schedule(ParentRunner.java:71)
	at org.junit.runners.ParentRunner.runChildren(ParentRunner.java:288)
	at org.junit.runners.ParentRunner.access$000(ParentRunner.java:58)
	at org.junit.runners.ParentRunner$2.evaluate(ParentRunner.java:268)
	at org.junit.runners.ParentRunner.run(ParentRunner.java:363)
	at org.junit.runner.JUnitCore.run(JUnitCore.java:137)
	at org.junit.runner.JUnitCore.run(JUnitCore.java:115)
	at android.support.test.internal.runner.TestExecutor.execute(TestExecutor.java:54)
	at android.support.test.runner.AndroidJUnitRunner.onStart(AndroidJUnitRunner.java:228)
	at android.app.Instrumentation$InstrumentationThread.run(Instrumentation.java:1932)

INSTRUMENTATION_STATUS: current=10
INSTRUMENTATION_STATUS_CODE: -2
INSTRUMENTATION_STATUS: numtests=14
INSTRUMENTATION_STATUS: stream=
com.amazonaws.devicefarm.android.referenceapp.Categories.HomePageTest:
INSTRUMENTATION_STATUS: id=AndroidJUnitRunner
INSTRUMENTATION_STATUS: test=testSanity
INSTRUMENTATION_STATUS: class=com.amazonaws.devicefarm.android.referenceapp.Categories.HomePageTest
INSTRUMENTATION_STATUS: current=11
INSTRUMENTATION_STATUS_CODE: 1
INSTRUMENTATION_STATUS: numtests=14
INSTRUMENTATION_STATUS: stream=
Error in testSanity(com.amazonaws.devicefarm.android.referenceapp.Categories.HomePageTest):
java.lang.RuntimeException: Could not launch intent Intent { act=android.intent.action.MAIN flg=0x10000000 cmp=com.amazonaws.devicefarm.android.referenceapp/.Activities.MainActivity } within 45 seconds. Perhaps the main thread has not gone idle within a reasonable amount of time? There could be an animation or something constantly repainting the screen. Or the activity is doing network calls on creation? See the threaddump logs. For your reference the last time the event queue was idle before your activity launch request was 1547262578451 and now the last time the queue went idle was: 1547262623029. If these numbers are the same your activity might be hogging the event queue.
	at android.support.test.runner.MonitoringInstrumentation.startActivitySync(MonitoringInstrumentation.java:315)
	at android.test.InstrumentationTestCase.launchActivityWithIntent(InstrumentationTestCase.java:125)
	at android.test.InstrumentationTestCase.launchActivity(InstrumentationTestCase.java:103)
	at android.test.ActivityInstrumentationTestCase2.getActivity(ActivityInstrumentationTestCase2.java:104)
	at com.amazonaws.devicefarm.android.referenceapp.BaseADFTest.setUp(BaseADFTest.java:68)
	at junit.framework.TestCase.runBare(TestCase.java:132)
	at junit.framework.TestResult$1.protect(TestResult.java:115)
	at junit.framework.TestResult.runProtected(TestResult.java:133)
	at android.support.test.internal.runner.junit3.DelegatingTestResult.runProtected(DelegatingTestResult.java:90)
	at junit.framework.TestResult.run(TestResult.java:118)
	at android.support.test.internal.runner.junit3.AndroidTestResult.run(AndroidTestResult.java:49)
	at junit.framework.TestCase.run(TestCase.java:124)
	at android.support.test.internal.runner.junit3.NonLeakyTestSuite$NonLeakyTest.run(NonLeakyTestSuite.java:63)
	at junit.framework.TestSuite.runTest(TestSuite.java:243)
	at junit.framework.TestSuite.run(TestSuite.java:238)
	at android.support.test.internal.runner.junit3.DelegatingTestSuite.run(DelegatingTestSuite.java:103)
	at android.support.test.internal.runner.junit3.AndroidTestSuite.run(AndroidTestSuite.java:63)
	at android.support.test.internal.runner.junit3.JUnit38ClassRunner.run(JUnit38ClassRunner.java:90)
	at org.junit.runners.Suite.runChild(Suite.java:128)
	at org.junit.runners.Suite.runChild(Suite.java:27)
	at org.junit.runners.ParentRunner$3.run(ParentRunner.java:290)
	at org.junit.runners.ParentRunner$1.schedule(ParentRunner.java:71)
	at org.junit.runners.ParentRunner.runChildren(ParentRunner.java:288)
	at org.junit.runners.ParentRunner.access$000(ParentRunner.java:58)
	at org.junit.runners.ParentRunner$2.evaluate(ParentRunner.java:268)
	at org.junit.runners.ParentRunner.run(ParentRunner.java:363)
	at org.junit.runner.JUnitCore.run(JUnitCore.java:137)
	at org.junit.runner.JUnitCore.run(JUnitCore.java:115)
	at android.support.test.internal.runner.TestExecutor.execute(TestExecutor.java:54)
	at android.support.test.runner.AndroidJUnitRunner.onStart(AndroidJUnitRunner.java:228)
	at android.app.Instrumentation$InstrumentationThread.run(Instrumentation.java:1932)

INSTRUMENTATION_STATUS: id=AndroidJUnitRunner
INSTRUMENTATION_STATUS: test=testSanity
INSTRUMENTATION_STATUS: class=com.amazonaws.devicefarm.android.referenceapp.Categories.HomePageTest
INSTRUMENTATION_STATUS: stack=java.lang.RuntimeException: Could not launch intent Intent { act=android.intent.action.MAIN flg=0x10000000 cmp=com.amazonaws.devicefarm.android.referenceapp/.Activities.MainActivity } within 45 seconds. Perhaps the main thread has not gone idle within a reasonable amount of time? There could be an animation or something constantly repainting the screen. Or the activity is doing network calls on creation? See the threaddump logs. For your reference the last time the event queue was idle before your activity launch request was 1547262578451 and now the last time the queue went idle was: 1547262623029. If these numbers are the same your activity might be hogging the event queue.
	at android.support.test.runner.MonitoringInstrumentation.startActivitySync(MonitoringInstrumentation.java:315)
	at android.test.InstrumentationTestCase.launchActivityWithIntent(InstrumentationTestCase.java:125)
	at android.test.InstrumentationTestCase.launchActivity(InstrumentationTestCase.java:103)
	at android.test.ActivityInstrumentationTestCase2.getActivity(ActivityInstrumentationTestCase2.java:104)
	at com.amazonaws.devicefarm.android.referenceapp.BaseADFTest.setUp(BaseADFTest.java:68)
	at junit.framework.TestCase.runBare(TestCase.java:132)
	at junit.framework.TestResult$1.protect(TestResult.java:115)
	at junit.framework.TestResult.runProtected(TestResult.java:133)
	at android.support.test.internal.runner.junit3.DelegatingTestResult.runProtected(DelegatingTestResult.java:90)
	at junit.framework.TestResult.run(TestResult.java:118)
	at android.support.test.internal.runner.junit3.AndroidTestResult.run(AndroidTestResult.java:49)
	at junit.framework.TestCase.run(TestCase.java:124)
	at android.support.test.internal.runner.junit3.NonLeakyTestSuite$NonLeakyTest.run(NonLeakyTestSuite.java:63)
	at junit.framework.TestSuite.runTest(TestSuite.java:243)
	at junit.framework.TestSuite.run(TestSuite.java:238)
	at android.support.test.internal.runner.junit3.DelegatingTestSuite.run(DelegatingTestSuite.java:103)
	at android.support.test.internal.runner.junit3.AndroidTestSuite.run(AndroidTestSuite.java:63)
	at android.support.test.internal.runner.junit3.JUnit38ClassRunner.run(JUnit38ClassRunner.java:90)
	at org.junit.runners.Suite.runChild(Suite.java:128)
	at org.junit.runners.Suite.runChild(Suite.java:27)
	at org.junit.runners.ParentRunner$3.run(ParentRunner.java:290)
	at org.junit.runners.ParentRunner$1.schedule(ParentRunner.java:71)
	at org.junit.runners.ParentRunner.runChildren(ParentRunner.java:288)
	at org.junit.runners.ParentRunner.access$000(ParentRunner.java:58)
	at org.junit.runners.ParentRunner$2.evaluate(ParentRunner.java:268)
	at org.junit.runners.ParentRunner.run(ParentRunner.java:363)
	at org.junit.runner.JUnitCore.run(JUnitCore.java:137)
	at org.junit.runner.JUnitCore.run(JUnitCore.java:115)
	at android.support.test.internal.runner.TestExecutor.execute(TestExecutor.java:54)
	at android.support.test.runner.AndroidJUnitRunner.onStart(AndroidJUnitRunner.java:228)
	at android.app.Instrumentation$InstrumentationThread.run(Instrumentation.java:1932)

INSTRUMENTATION_STATUS: current=11
INSTRUMENTATION_STATUS_CODE: -2
INSTRUMENTATION_STATUS: numtests=14
INSTRUMENTATION_STATUS: stream=
com.amazonaws.devicefarm.android.referenceapp.Categories.LoginPageTest:
INSTRUMENTATION_STATUS: id=AndroidJUnitRunner
INSTRUMENTATION_STATUS: test=testLoginFailCheck
INSTRUMENTATION_STATUS: class=com.amazonaws.devicefarm.android.referenceapp.Categories.LoginPageTest
INSTRUMENTATION_STATUS: current=12
INSTRUMENTATION_STATUS_CODE: 1
INSTRUMENTATION_STATUS: numtests=14
INSTRUMENTATION_STATUS: stream=
Error in testLoginFailCheck(com.amazonaws.devicefarm.android.referenceapp.Categories.LoginPageTest):
java.lang.RuntimeException: Could not launch intent Intent { act=android.intent.action.MAIN flg=0x10000000 cmp=com.amazonaws.devicefarm.android.referenceapp/.Activities.MainActivity } within 45 seconds. Perhaps the main thread has not gone idle within a reasonable amount of time? There could be an animation or something constantly repainting the screen. Or the activity is doing network calls on creation? See the threaddump logs. For your reference the last time the event queue was idle before your activity launch request was 1547262623515 and now the last time the queue went idle was: 1547262668220. If these numbers are the same your activity might be hogging the event queue.
	at android.support.test.runner.MonitoringInstrumentation.startActivitySync(MonitoringInstrumentation.java:315)
	at android.test.InstrumentationTestCase.launchActivityWithIntent(InstrumentationTestCase.java:125)
	at android.test.InstrumentationTestCase.launchActivity(InstrumentationTestCase.java:103)
	at android.test.ActivityInstrumentationTestCase2.getActivity(ActivityInstrumentationTestCase2.java:104)
	at com.amazonaws.devicefarm.android.referenceapp.BaseADFTest.setUp(BaseADFTest.java:68)
	at junit.framework.TestCase.runBare(TestCase.java:132)
	at junit.framework.TestResult$1.protect(TestResult.java:115)
	at junit.framework.TestResult.runProtected(TestResult.java:133)
	at android.support.test.internal.runner.junit3.DelegatingTestResult.runProtected(DelegatingTestResult.java:90)
	at junit.framework.TestResult.run(TestResult.java:118)
	at android.support.test.internal.runner.junit3.AndroidTestResult.run(AndroidTestResult.java:49)
	at junit.framework.TestCase.run(TestCase.java:124)
	at android.support.test.internal.runner.junit3.NonLeakyTestSuite$NonLeakyTest.run(NonLeakyTestSuite.java:63)
	at junit.framework.TestSuite.runTest(TestSuite.java:243)
	at junit.framework.TestSuite.run(TestSuite.java:238)
	at android.support.test.internal.runner.junit3.DelegatingTestSuite.run(DelegatingTestSuite.java:103)
	at android.support.test.internal.runner.junit3.AndroidTestSuite.run(AndroidTestSuite.java:63)
	at android.support.test.internal.runner.junit3.JUnit38ClassRunner.run(JUnit38ClassRunner.java:90)
	at org.junit.runners.Suite.runChild(Suite.java:128)
	at org.junit.runners.Suite.runChild(Suite.java:27)
	at org.junit.runners.ParentRunner$3.run(ParentRunner.java:290)
	at org.junit.runners.ParentRunner$1.schedule(ParentRunner.java:71)
	at org.junit.runners.ParentRunner.runChildren(ParentRunner.java:288)
	at org.junit.runners.ParentRunner.access$000(ParentRunner.java:58)
	at org.junit.runners.ParentRunner$2.evaluate(ParentRunner.java:268)
	at org.junit.runners.ParentRunner.run(ParentRunner.java:363)
	at org.junit.runner.JUnitCore.run(JUnitCore.java:137)
	at org.junit.runner.JUnitCore.run(JUnitCore.java:115)
	at android.support.test.internal.runner.TestExecutor.execute(TestExecutor.java:54)
	at android.support.test.runner.AndroidJUnitRunner.onStart(AndroidJUnitRunner.java:228)
	at android.app.Instrumentation$InstrumentationThread.run(Instrumentation.java:1932)

INSTRUMENTATION_STATUS: id=AndroidJUnitRunner
INSTRUMENTATION_STATUS: test=testLoginFailCheck
INSTRUMENTATION_STATUS: class=com.amazonaws.devicefarm.android.referenceapp.Categories.LoginPageTest
INSTRUMENTATION_STATUS: stack=java.lang.RuntimeException: Could not launch intent Intent { act=android.intent.action.MAIN flg=0x10000000 cmp=com.amazonaws.devicefarm.android.referenceapp/.Activities.MainActivity } within 45 seconds. Perhaps the main thread has not gone idle within a reasonable amount of time? There could be an animation or something constantly repainting the screen. Or the activity is doing network calls on creation? See the threaddump logs. For your reference the last time the event queue was idle before your activity launch request was 1547262623515 and now the last time the queue went idle was: 1547262668220. If these numbers are the same your activity might be hogging the event queue.
	at android.support.test.runner.MonitoringInstrumentation.startActivitySync(MonitoringInstrumentation.java:315)
	at android.test.InstrumentationTestCase.launchActivityWithIntent(InstrumentationTestCase.java:125)
	at android.test.InstrumentationTestCase.launchActivity(InstrumentationTestCase.java:103)
	at android.test.ActivityInstrumentationTestCase2.getActivity(ActivityInstrumentationTestCase2.java:104)
	at com.amazonaws.devicefarm.android.referenceapp.BaseADFTest.setUp(BaseADFTest.java:68)
	at junit.framework.TestCase.runBare(TestCase.java:132)
	at junit.framework.TestResult$1.protect(TestResult.java:115)
	at junit.framework.TestResult.runProtected(TestResult.java:133)
	at android.support.test.internal.runner.junit3.DelegatingTestResult.runProtected(DelegatingTestResult.java:90)
	at junit.framework.TestResult.run(TestResult.java:118)
	at android.support.test.internal.runner.junit3.AndroidTestResult.run(AndroidTestResult.java:49)
	at junit.framework.TestCase.run(TestCase.java:124)
	at android.support.test.internal.runner.junit3.NonLeakyTestSuite$NonLeakyTest.run(NonLeakyTestSuite.java:63)
	at junit.framework.TestSuite.runTest(TestSuite.java:243)
	at junit.framework.TestSuite.run(TestSuite.java:238)
	at android.support.test.internal.runner.junit3.DelegatingTestSuite.run(DelegatingTestSuite.java:103)
	at android.support.test.internal.runner.junit3.AndroidTestSuite.run(AndroidTestSuite.java:63)
	at android.support.test.internal.runner.junit3.JUnit38ClassRunner.run(JUnit38ClassRunner.java:90)
	at org.junit.runners.Suite.runChild(Suite.java:128)
	at org.junit.runners.Suite.runChild(Suite.java:27)
	at org.junit.runners.ParentRunner$3.run(ParentRunner.java:290)
	at org.junit.runners.ParentRunner$1.schedule(ParentRunner.java:71)
	at org.junit.runners.ParentRunner.runChildren(ParentRunner.java:288)
	at org.junit.runners.ParentRunner.access$000(ParentRunner.java:58)
	at org.junit.runners.ParentRunner$2.evaluate(ParentRunner.java:268)
	at org.junit.runners.ParentRunner.run(ParentRunner.java:363)
	at org.junit.runner.JUnitCore.run(JUnitCore.java:137)
	at org.junit.runner.JUnitCore.run(JUnitCore.java:115)
	at android.support.test.internal.runner.TestExecutor.execute(TestExecutor.java:54)
	at android.support.test.runner.AndroidJUnitRunner.onStart(AndroidJUnitRunner.java:228)
	at android.app.Instrumentation$InstrumentationThread.run(Instrumentation.java:1932)

INSTRUMENTATION_STATUS: current=12
INSTRUMENTATION_STATUS_CODE: -2
INSTRUMENTATION_STATUS: numtests=14
INSTRUMENTATION_STATUS: stream=
INSTRUMENTATION_STATUS: id=AndroidJUnitRunner
INSTRUMENTATION_STATUS: test=testLoginPassCheck
INSTRUMENTATION_STATUS: class=com.amazonaws.devicefarm.android.referenceapp.Categories.LoginPageTest
INSTRUMENTATION_STATUS: current=13
INSTRUMENTATION_STATUS_CODE: 1
INSTRUMENTATION_STATUS: numtests=14
INSTRUMENTATION_STATUS: stream=
Error in testLoginPassCheck(com.amazonaws.devicefarm.android.referenceapp.Categories.LoginPageTest):
java.lang.RuntimeException: Could not launch intent Intent { act=android.intent.action.MAIN flg=0x10000000 cmp=com.amazonaws.devicefarm.android.referenceapp/.Activities.MainActivity } within 45 seconds. Perhaps the main thread has not gone idle within a reasonable amount of time? There could be an animation or something constantly repainting the screen. Or the activity is doing network calls on creation? See the threaddump logs. For your reference the last time the event queue was idle before your activity launch request was 1547262668562 and now the last time the queue went idle was: 1547262713406. If these numbers are the same your activity might be hogging the event queue.
	at android.support.test.runner.MonitoringInstrumentation.startActivitySync(MonitoringInstrumentation.java:315)
	at android.test.InstrumentationTestCase.launchActivityWithIntent(InstrumentationTestCase.java:125)
	at android.test.InstrumentationTestCase.launchActivity(InstrumentationTestCase.java:103)
	at android.test.ActivityInstrumentationTestCase2.getActivity(ActivityInstrumentationTestCase2.java:104)
	at com.amazonaws.devicefarm.android.referenceapp.BaseADFTest.setUp(BaseADFTest.java:68)
	at junit.framework.TestCase.runBare(TestCase.java:132)
	at junit.framework.TestResult$1.protect(TestResult.java:115)
	at junit.framework.TestResult.runProtected(TestResult.java:133)
	at android.support.test.internal.runner.junit3.DelegatingTestResult.runProtected(DelegatingTestResult.java:90)
	at junit.framework.TestResult.run(TestResult.java:118)
	at android.support.test.internal.runner.junit3.AndroidTestResult.run(AndroidTestResult.java:49)
	at junit.framework.TestCase.run(TestCase.java:124)
	at android.support.test.internal.runner.junit3.NonLeakyTestSuite$NonLeakyTest.run(NonLeakyTestSuite.java:63)
	at junit.framework.TestSuite.runTest(TestSuite.java:243)
	at junit.framework.TestSuite.run(TestSuite.java:238)
	at android.support.test.internal.runner.junit3.DelegatingTestSuite.run(DelegatingTestSuite.java:103)
	at android.support.test.internal.runner.junit3.AndroidTestSuite.run(AndroidTestSuite.java:63)
	at android.support.test.internal.runner.junit3.JUnit38ClassRunner.run(JUnit38ClassRunner.java:90)
	at org.junit.runners.Suite.runChild(Suite.java:128)
	at org.junit.runners.Suite.runChild(Suite.java:27)
	at org.junit.runners.ParentRunner$3.run(ParentRunner.java:290)
	at org.junit.runners.ParentRunner$1.schedule(ParentRunner.java:71)
	at org.junit.runners.ParentRunner.runChildren(ParentRunner.java:288)
	at org.junit.runners.ParentRunner.access$000(ParentRunner.java:58)
	at org.junit.runners.ParentRunner$2.evaluate(ParentRunner.java:268)
	at org.junit.runners.ParentRunner.run(ParentRunner.java:363)
	at org.junit.runner.JUnitCore.run(JUnitCore.java:137)
	at org.junit.runner.JUnitCore.run(JUnitCore.java:115)
	at android.support.test.internal.runner.TestExecutor.execute(TestExecutor.java:54)
	at android.support.test.runner.AndroidJUnitRunner.onStart(AndroidJUnitRunner.java:228)
	at android.app.Instrumentation$InstrumentationThread.run(Instrumentation.java:1932)

INSTRUMENTATION_STATUS: id=AndroidJUnitRunner
INSTRUMENTATION_STATUS: test=testLoginPassCheck
INSTRUMENTATION_STATUS: class=com.amazonaws.devicefarm.android.referenceapp.Categories.LoginPageTest
INSTRUMENTATION_STATUS: stack=java.lang.RuntimeException: Could not launch intent Intent { act=android.intent.action.MAIN flg=0x10000000 cmp=com.amazonaws.devicefarm.android.referenceapp/.Activities.MainActivity } within 45 seconds. Perhaps the main thread has not gone idle within a reasonable amount of time? There could be an animation or something constantly repainting the screen. Or the activity is doing network calls on creation? See the threaddump logs. For your reference the last time the event queue was idle before your activity launch request was 1547262668562 and now the last time the queue went idle was: 1547262713406. If these numbers are the same your activity might be hogging the event queue.
	at android.support.test.runner.MonitoringInstrumentation.startActivitySync(MonitoringInstrumentation.java:315)
	at android.test.InstrumentationTestCase.launchActivityWithIntent(InstrumentationTestCase.java:125)
	at android.test.InstrumentationTestCase.launchActivity(InstrumentationTestCase.java:103)
	at android.test.ActivityInstrumentationTestCase2.getActivity(ActivityInstrumentationTestCase2.java:104)
	at com.amazonaws.devicefarm.android.referenceapp.BaseADFTest.setUp(BaseADFTest.java:68)
	at junit.framework.TestCase.runBare(TestCase.java:132)
	at junit.framework.TestResult$1.protect(TestResult.java:115)
	at junit.framework.TestResult.runProtected(TestResult.java:133)
	at android.support.test.internal.runner.junit3.DelegatingTestResult.runProtected(DelegatingTestResult.java:90)
	at junit.framework.TestResult.run(TestResult.java:118)
	at android.support.test.internal.runner.junit3.AndroidTestResult.run(AndroidTestResult.java:49)
	at junit.framework.TestCase.run(TestCase.java:124)
	at android.support.test.internal.runner.junit3.NonLeakyTestSuite$NonLeakyTest.run(NonLeakyTestSuite.java:63)
	at junit.framework.TestSuite.runTest(TestSuite.java:243)
	at junit.framework.TestSuite.run(TestSuite.java:238)
	at android.support.test.internal.runner.junit3.DelegatingTestSuite.run(DelegatingTestSuite.java:103)
	at android.support.test.internal.runner.junit3.AndroidTestSuite.run(AndroidTestSuite.java:63)
	at android.support.test.internal.runner.junit3.JUnit38ClassRunner.run(JUnit38ClassRunner.java:90)
	at org.junit.runners.Suite.runChild(Suite.java:128)
	at org.junit.runners.Suite.runChild(Suite.java:27)
	at org.junit.runners.ParentRunner$3.run(ParentRunner.java:290)
	at org.junit.runners.ParentRunner$1.schedule(ParentRunner.java:71)
	at org.junit.runners.ParentRunner.runChildren(ParentRunner.java:288)
	at org.junit.runners.ParentRunner.access$000(ParentRunner.java:58)
	at org.junit.runners.ParentRunner$2.evaluate(ParentRunner.java:268)
	at org.junit.runners.ParentRunner.run(ParentRunner.java:363)
	at org.junit.runner.JUnitCore.run(JUnitCore.java:137)
	at org.junit.runner.JUnitCore.run(JUnitCore.java:115)
	at android.support.test.internal.runner.TestExecutor.execute(TestExecutor.java:54)
	at android.support.test.runner.AndroidJUnitRunner.onStart(AndroidJUnitRunner.java:228)
	at android.app.Instrumentation$InstrumentationThread.run(Instrumentation.java:1932)

INSTRUMENTATION_STATUS: current=13
INSTRUMENTATION_STATUS_CODE: -2
INSTRUMENTATION_STATUS: numtests=14
INSTRUMENTATION_STATUS: stream=
INSTRUMENTATION_STATUS: id=AndroidJUnitRunner
INSTRUMENTATION_STATUS: test=testSanity
INSTRUMENTATION_STATUS: class=com.amazonaws.devicefarm.android.referenceapp.Categories.LoginPageTest
INSTRUMENTATION_STATUS: current=14
INSTRUMENTATION_STATUS_CODE: 1
INSTRUMENTATION_STATUS: numtests=14
INSTRUMENTATION_STATUS: stream=
Error in testSanity(com.amazonaws.devicefarm.android.referenceapp.Categories.LoginPageTest):
java.lang.RuntimeException: Could not launch intent Intent { act=android.intent.action.MAIN flg=0x10000000 cmp=com.amazonaws.devicefarm.android.referenceapp/.Activities.MainActivity } within 45 seconds. Perhaps the main thread has not gone idle within a reasonable amount of time? There could be an animation or something constantly repainting the screen. Or the activity is doing network calls on creation? See the threaddump logs. For your reference the last time the event queue was idle before your activity launch request was 1547262713615 and now the last time the queue went idle was: 1547262758597. If these numbers are the same your activity might be hogging the event queue.
	at android.support.test.runner.MonitoringInstrumentation.startActivitySync(MonitoringInstrumentation.java:315)
	at android.test.InstrumentationTestCase.launchActivityWithIntent(InstrumentationTestCase.java:125)
	at android.test.InstrumentationTestCase.launchActivity(InstrumentationTestCase.java:103)
	at android.test.ActivityInstrumentationTestCase2.getActivity(ActivityInstrumentationTestCase2.java:104)
	at com.amazonaws.devicefarm.android.referenceapp.BaseADFTest.setUp(BaseADFTest.java:68)
	at junit.framework.TestCase.runBare(TestCase.java:132)
	at junit.framework.TestResult$1.protect(TestResult.java:115)
	at junit.framework.TestResult.runProtected(TestResult.java:133)
	at android.support.test.internal.runner.junit3.DelegatingTestResult.runProtected(DelegatingTestResult.java:90)
	at junit.framework.TestResult.run(TestResult.java:118)
	at android.support.test.internal.runner.junit3.AndroidTestResult.run(AndroidTestResult.java:49)
	at junit.framework.TestCase.run(TestCase.java:124)
	at android.support.test.internal.runner.junit3.NonLeakyTestSuite$NonLeakyTest.run(NonLeakyTestSuite.java:63)
	at junit.framework.TestSuite.runTest(TestSuite.java:243)
	at junit.framework.TestSuite.run(TestSuite.java:238)
	at android.support.test.internal.runner.junit3.DelegatingTestSuite.run(DelegatingTestSuite.java:103)
	at android.support.test.internal.runner.junit3.AndroidTestSuite.run(AndroidTestSuite.java:63)
	at android.support.test.internal.runner.junit3.JUnit38ClassRunner.run(JUnit38ClassRunner.java:90)
	at org.junit.runners.Suite.runChild(Suite.java:128)
	at org.junit.runners.Suite.runChild(Suite.java:27)
	at org.junit.runners.ParentRunner$3.run(ParentRunner.java:290)
	at org.junit.runners.ParentRunner$1.schedule(ParentRunner.java:71)
	at org.junit.runners.ParentRunner.runChildren(ParentRunner.java:288)
	at org.junit.runners.ParentRunner.access$000(ParentRunner.java:58)
	at org.junit.runners.ParentRunner$2.evaluate(ParentRunner.java:268)
	at org.junit.runners.ParentRunner.run(ParentRunner.java:363)
	at org.junit.runner.JUnitCore.run(JUnitCore.java:137)
	at org.junit.runner.JUnitCore.run(JUnitCore.java:115)
	at android.support.test.internal.runner.TestExecutor.execute(TestExecutor.java:54)
	at android.support.test.runner.AndroidJUnitRunner.onStart(AndroidJUnitRunner.java:228)
	at android.app.Instrumentation$InstrumentationThread.run(Instrumentation.java:1932)

INSTRUMENTATION_STATUS: id=AndroidJUnitRunner
INSTRUMENTATION_STATUS: test=testSanity
INSTRUMENTATION_STATUS: class=com.amazonaws.devicefarm.android.referenceapp.Categories.LoginPageTest
INSTRUMENTATION_STATUS: stack=java.lang.RuntimeException: Could not launch intent Intent { act=android.intent.action.MAIN flg=0x10000000 cmp=com.amazonaws.devicefarm.android.referenceapp/.Activities.MainActivity } within 45 seconds. Perhaps the main thread has not gone idle within a reasonable amount of time? There could be an animation or something constantly repainting the screen. Or the activity is doing network calls on creation? See the threaddump logs. For your reference the last time the event queue was idle before your activity launch request was 1547262713615 and now the last time the queue went idle was: 1547262758597. If these numbers are the same your activity might be hogging the event queue.
	at android.support.test.runner.MonitoringInstrumentation.startActivitySync(MonitoringInstrumentation.java:315)
	at android.test.InstrumentationTestCase.launchActivityWithIntent(InstrumentationTestCase.java:125)
	at android.test.InstrumentationTestCase.launchActivity(InstrumentationTestCase.java:103)
	at android.test.ActivityInstrumentationTestCase2.getActivity(ActivityInstrumentationTestCase2.java:104)
	at com.amazonaws.devicefarm.android.referenceapp.BaseADFTest.setUp(BaseADFTest.java:68)
	at junit.framework.TestCase.runBare(TestCase.java:132)
	at junit.framework.TestResult$1.protect(TestResult.java:115)
	at junit.framework.TestResult.runProtected(TestResult.java:133)
	at android.support.test.internal.runner.junit3.DelegatingTestResult.runProtected(DelegatingTestResult.java:90)
	at junit.framework.TestResult.run(TestResult.java:118)
	at android.support.test.internal.runner.junit3.AndroidTestResult.run(AndroidTestResult.java:49)
	at junit.framework.TestCase.run(TestCase.java:124)
	at android.support.test.internal.runner.junit3.NonLeakyTestSuite$NonLeakyTest.run(NonLeakyTestSuite.java:63)
	at junit.framework.TestSuite.runTest(TestSuite.java:243)
	at junit.framework.TestSuite.run(TestSuite.java:238)
	at android.support.test.internal.runner.junit3.DelegatingTestSuite.run(DelegatingTestSuite.java:103)
	at android.support.test.internal.runner.junit3.AndroidTestSuite.run(AndroidTestSuite.java:63)
	at android.support.test.internal.runner.junit3.JUnit38ClassRunner.run(JUnit38ClassRunner.java:90)
	at org.junit.runners.Suite.runChild(Suite.java:128)
	at org.junit.runners.Suite.runChild(Suite.java:27)
	at org.junit.runners.ParentRunner$3.run(ParentRunner.java:290)
	at org.junit.runners.ParentRunner$1.schedule(ParentRunner.java:71)
	at org.junit.runners.ParentRunner.runChildren(ParentRunner.java:288)
	at org.junit.runners.ParentRunner.access$000(ParentRunner.java:58)
	at org.junit.runners.ParentRunner$2.evaluate(ParentRunner.java:268)
	at org.junit.runners.ParentRunner.run(ParentRunner.java:363)
	at org.junit.runner.JUnitCore.run(JUnitCore.java:137)
	at org.junit.runner.JUnitCore.run(JUnitCore.java:115)
	at android.support.test.internal.runner.TestExecutor.execute(TestExecutor.java:54)
	at android.support.test.runner.AndroidJUnitRunner.onStart(AndroidJUnitRunner.java:228)
	at android.app.Instrumentation$InstrumentationThread.run(Instrumentation.java:1932)

INSTRUMENTATION_STATUS: current=14
INSTRUMENTATION_STATUS_CODE: -2
INSTRUMENTATION_RESULT: stream=

Time: 316.422
There were 7 failures:
1) testLoginFailCheck(com.amazonaws.devicefarm.android.referenceapp.Categories.LoginPageTest)
android.support.test.espresso.NoActivityResumedException: No activities in stage RESUMED. Did you forget to launch the activity. (test.getActivity() or similar)?
	at dalvik.system.VMStack.getThreadStackTrace(Native Method)
	at java.lang.Thread.getStackTrace(Thread.java:1566)
	at android.support.test.espresso.base.DefaultFailureHandler.getUserFriendlyError(DefaultFailureHandler.java:82)
	at android.support.test.espresso.base.DefaultFailureHandler.handle(DefaultFailureHandler.java:53)
	at android.support.test.espresso.ViewInteraction.runSynchronouslyOnUiThread(ViewInteraction.java:184)
	at android.support.test.espresso.ViewInteraction.doPerform(ViewInteraction.java:115)
	at android.support.test.espresso.ViewInteraction.perform(ViewInteraction.java:87)
	at com.amazonaws.devicefarm.android.referenceapp.BaseADFTest.writeTextIntoTextBox(BaseADFTest.java:98)
	at com.amazonaws.devicefarm.android.referenceapp.Categories.LoginPageTest.loginIn(LoginPageTest.java:82)
	at com.amazonaws.devicefarm.android.referenceapp.Categories.LoginPageTest.testLoginFailCheck(LoginPageTest.java:56)
	at java.lang.reflect.Method.invoke(Native Method)
	at android.test.InstrumentationTestCase.runMethod(InstrumentationTestCase.java:220)
	at android.test.InstrumentationTestCase.runTest(InstrumentationTestCase.java:205)
	at android.test.ActivityInstrumentationTestCase2.runTest(ActivityInstrumentationTestCase2.java:192)
	at junit.framework.TestCase.runBare(TestCase.java:134)
	at junit.framework.TestResult$1.protect(TestResult.java:115)
	at junit.framework.TestResult.runProtected(TestResult.java:133)
	at android.support.test.internal.runner.junit3.DelegatingTestResult.runProtected(DelegatingTestResult.java:90)
	at junit.framework.TestResult.run(TestResult.java:118)
	at android.support.test.internal.runner.junit3.AndroidTestResult.run(AndroidTestResult.java:49)
	at junit.framework.TestCase.run(TestCase.java:124)
	at android.support.test.internal.runner.junit3.NonLeakyTestSuite$NonLeakyTest.run(NonLeakyTestSuite.java:63)
	at junit.framework.TestSuite.runTest(TestSuite.java:243)
	at junit.framework.TestSuite.run(TestSuite.java:238)
	at android.support.test.internal.runner.junit3.DelegatingTestSuite.run(DelegatingTestSuite.java:103)
	at android.support.test.internal.runner.junit3.AndroidTestSuite.run(AndroidTestSuite.java:63)
	at android.support.test.internal.runner.junit3.JUnit38ClassRunner.run(JUnit38ClassRunner.java:90)
	at org.junit.runners.Suite.runChild(Suite.java:128)
	at org.junit.runners.Suite.runChild(Suite.java:27)
	at org.junit.runners.ParentRunner$3.run(ParentRunner.java:290)
	at org.junit.runners.ParentRunner$1.schedule(ParentRunner.java:71)
	at org.junit.runners.ParentRunner.runChildren(ParentRunner.java:288)
	at org.junit.runners.ParentRunner.access$000(ParentRunner.java:58)
	at org.junit.runners.ParentRunner$2.evaluate(ParentRunner.java:268)
	at org.junit.runners.ParentRunner.run(ParentRunner.java:363)
	at org.junit.runners.Suite.runChild(Suite.java:128)
	at org.junit.runners.Suite.runChild(Suite.java:27)
	at org.junit.runners.ParentRunner$3.run(ParentRunner.java:290)
	at org.junit.runners.ParentRunner$1.schedule(ParentRunner.java:71)
	at org.junit.runners.ParentRunner.runChildren(ParentRunner.java:288)
	at org.junit.runners.ParentRunner.access$000(ParentRunner.java:58)
	at org.junit.runners.ParentRunner$2.evaluate(ParentRunner.java:268)
	at org.junit.runners.ParentRunner.run(ParentRunner.java:363)
	at org.junit.runner.JUnitCore.run(JUnitCore.java:137)
	at org.junit.runner.JUnitCore.run(JUnitCore.java:115)
	at android.support.test.internal.runner.TestExecutor.execute(TestExecutor.java:54)
	at android.support.test.runner.AndroidJUnitRunner.onStart(AndroidJUnitRunner.java:228)
	at android.app.Instrumentation$InstrumentationThread.run(Instrumentation.java:1932)
2) testLoginPassCheck(com.amazonaws.devicefarm.android.referenceapp.Categories.LoginPageTest)
java.lang.RuntimeException: Could not launch intent Intent { act=android.intent.action.MAIN flg=0x10000000 cmp=com.amazonaws.devicefarm.android.referenceapp/.Activities.MainActivity } within 45 seconds. Perhaps the main thread has not gone idle within a reasonable amount of time? There could be an animation or something constantly repainting the screen. Or the activity is doing network calls on creation? See the threaddump logs. For your reference the last time the event queue was idle before your activity launch request was 1547262488305 and now the last time the queue went idle was: 1547262533172. If these numbers are the same your activity might be hogging the event queue.
	at android.support.test.runner.MonitoringInstrumentation.startActivitySync(MonitoringInstrumentation.java:315)
	at android.test.InstrumentationTestCase.launchActivityWithIntent(InstrumentationTestCase.java:125)
	at android.test.InstrumentationTestCase.launchActivity(InstrumentationTestCase.java:103)
	at android.test.ActivityInstrumentationTestCase2.getActivity(ActivityInstrumentationTestCase2.java:104)
	at com.amazonaws.devicefarm.android.referenceapp.BaseADFTest.setUp(BaseADFTest.java:68)
	at junit.framework.TestCase.runBare(TestCase.java:132)
	at junit.framework.TestResult$1.protect(TestResult.java:115)
	at junit.framework.TestResult.runProtected(TestResult.java:133)
	at android.support.test.internal.runner.junit3.DelegatingTestResult.runProtected(DelegatingTestResult.java:90)
	at junit.framework.TestResult.run(TestResult.java:118)
	at android.support.test.internal.runner.junit3.AndroidTestResult.run(AndroidTestResult.java:49)
	at junit.framework.TestCase.run(TestCase.java:124)
	at android.support.test.internal.runner.junit3.NonLeakyTestSuite$NonLeakyTest.run(NonLeakyTestSuite.java:63)
	at junit.framework.TestSuite.runTest(TestSuite.java:243)
	at junit.framework.TestSuite.run(TestSuite.java:238)
	at android.support.test.internal.runner.junit3.DelegatingTestSuite.run(DelegatingTestSuite.java:103)
	at android.support.test.internal.runner.junit3.AndroidTestSuite.run(AndroidTestSuite.java:63)
	at android.support.test.internal.runner.junit3.JUnit38ClassRunner.run(JUnit38ClassRunner.java:90)
	at org.junit.runners.Suite.runChild(Suite.java:128)
	at org.junit.runners.Suite.runChild(Suite.java:27)
	at org.junit.runners.ParentRunner$3.run(ParentRunner.java:290)
	at org.junit.runners.ParentRunner$1.schedule(ParentRunner.java:71)
	at org.junit.runners.ParentRunner.runChildren(ParentRunner.java:288)
	at org.junit.runners.ParentRunner.access$000(ParentRunner.java:58)
	at org.junit.runners.ParentRunner$2.evaluate(ParentRunner.java:268)
	at org.junit.runners.ParentRunner.run(ParentRunner.java:363)
	at org.junit.runners.Suite.runChild(Suite.java:128)
	at org.junit.runners.Suite.runChild(Suite.java:27)
	at org.junit.runners.ParentRunner$3.run(ParentRunner.java:290)
	at org.junit.runners.ParentRunner$1.schedule(ParentRunner.java:71)
	at org.junit.runners.ParentRunner.runChildren(ParentRunner.java:288)
	at org.junit.runners.ParentRunner.access$000(ParentRunner.java:58)
	at org.junit.runners.ParentRunner$2.evaluate(ParentRunner.java:268)
	at org.junit.runners.ParentRunner.run(ParentRunner.java:363)
	at org.junit.runner.JUnitCore.run(JUnitCore.java:137)
	at org.junit.runner.JUnitCore.run(JUnitCore.java:115)
	at android.support.test.internal.runner.TestExecutor.execute(TestExecutor.java:54)
	at android.support.test.runner.AndroidJUnitRunner.onStart(AndroidJUnitRunner.java:228)
	at android.app.Instrumentation$InstrumentationThread.run(Instrumentation.java:1932)
3) testSanity(com.amazonaws.devicefarm.android.referenceapp.Categories.LoginPageTest)
java.lang.RuntimeException: Could not launch intent Intent { act=android.intent.action.MAIN flg=0x10000000 cmp=com.amazonaws.devicefarm.android.referenceapp/.Activities.MainActivity } within 45 seconds. Perhaps the main thread has not gone idle within a reasonable amount of time? There could be an animation or something constantly repainting the screen. Or the activity is doing network calls on creation? See the threaddump logs. For your reference the last time the event queue was idle before your activity launch request was 1547262533386 and now the last time the queue went idle was: 1547262578355. If these numbers are the same your activity might be hogging the event queue.
	at android.support.test.runner.MonitoringInstrumentation.startActivitySync(MonitoringInstrumentation.java:315)
	at android.test.InstrumentationTestCase.launchActivityWithIntent(InstrumentationTestCase.java:125)
	at android.test.InstrumentationTestCase.launchActivity(InstrumentationTestCase.java:103)
	at android.test.ActivityInstrumentationTestCase2.getActivity(ActivityInstrumentationTestCase2.java:104)
	at com.amazonaws.devicefarm.android.referenceapp.BaseADFTest.setUp(BaseADFTest.java:68)
	at junit.framework.TestCase.runBare(TestCase.java:132)
	at junit.framework.TestResult$1.protect(TestResult.java:115)
	at junit.framework.TestResult.runProtected(TestResult.java:133)
	at android.support.test.internal.runner.junit3.DelegatingTestResult.runProtected(DelegatingTestResult.java:90)
	at junit.framework.TestResult.run(TestResult.java:118)
	at android.support.test.internal.runner.junit3.AndroidTestResult.run(AndroidTestResult.java:49)
	at junit.framework.TestCase.run(TestCase.java:124)
	at android.support.test.internal.runner.junit3.NonLeakyTestSuite$NonLeakyTest.run(NonLeakyTestSuite.java:63)
	at junit.framework.TestSuite.runTest(TestSuite.java:243)
	at junit.framework.TestSuite.run(TestSuite.java:238)
	at android.support.test.internal.runner.junit3.DelegatingTestSuite.run(DelegatingTestSuite.java:103)
	at android.support.test.internal.runner.junit3.AndroidTestSuite.run(AndroidTestSuite.java:63)
	at android.support.test.internal.runner.junit3.JUnit38ClassRunner.run(JUnit38ClassRunner.java:90)
	at org.junit.runners.Suite.runChild(Suite.java:128)
	at org.junit.runners.Suite.runChild(Suite.java:27)
	at org.junit.runners.ParentRunner$3.run(ParentRunner.java:290)
	at org.junit.runners.ParentRunner$1.schedule(ParentRunner.java:71)
	at org.junit.runners.ParentRunner.runChildren(ParentRunner.java:288)
	at org.junit.runners.ParentRunner.access$000(ParentRunner.java:58)
	at org.junit.runners.ParentRunner$2.evaluate(ParentRunner.java:268)
	at org.junit.runners.ParentRunner.run(ParentRunner.java:363)
	at org.junit.runners.Suite.runChild(Suite.java:128)
	at org.junit.runners.Suite.runChild(Suite.java:27)
	at org.junit.runners.ParentRunner$3.run(ParentRunner.java:290)
	at org.junit.runners.ParentRunner$1.schedule(ParentRunner.java:71)
	at org.junit.runners.ParentRunner.runChildren(ParentRunner.java:288)
	at org.junit.runners.ParentRunner.access$000(ParentRunner.java:58)
	at org.junit.runners.ParentRunner$2.evaluate(ParentRunner.java:268)
	at org.junit.runners.ParentRunner.run(ParentRunner.java:363)
	at org.junit.runner.JUnitCore.run(JUnitCore.java:137)
	at org.junit.runner.JUnitCore.run(JUnitCore.java:115)
	at android.support.test.internal.runner.TestExecutor.execute(TestExecutor.java:54)
	at android.support.test.runner.AndroidJUnitRunner.onStart(AndroidJUnitRunner.java:228)
	at android.app.Instrumentation$InstrumentationThread.run(Instrumentation.java:1932)
4) testSanity(com.amazonaws.devicefarm.android.referenceapp.Categories.HomePageTest)
java.lang.RuntimeException: Could not launch intent Intent { act=android.intent.action.MAIN flg=0x10000000 cmp=com.amazonaws.devicefarm.android.referenceapp/.Activities.MainActivity } within 45 seconds. Perhaps the main thread has not gone idle within a reasonable amount of time? There could be an animation or something constantly repainting the screen. Or the activity is doing network calls on creation? See the threaddump logs. For your reference the last time the event queue was idle before your activity launch request was 1547262578451 and now the last time the queue went idle was: 1547262623029. If these numbers are the same your activity might be hogging the event queue.
	at android.support.test.runner.MonitoringInstrumentation.startActivitySync(MonitoringInstrumentation.java:315)
	at android.test.InstrumentationTestCase.launchActivityWithIntent(InstrumentationTestCase.java:125)
	at android.test.InstrumentationTestCase.launchActivity(InstrumentationTestCase.java:103)
	at android.test.ActivityInstrumentationTestCase2.getActivity(ActivityInstrumentationTestCase2.java:104)
	at com.amazonaws.devicefarm.android.referenceapp.BaseADFTest.setUp(BaseADFTest.java:68)
	at junit.framework.TestCase.runBare(TestCase.java:132)
	at junit.framework.TestResult$1.protect(TestResult.java:115)
	at junit.framework.TestResult.runProtected(TestResult.java:133)
	at android.support.test.internal.runner.junit3.DelegatingTestResult.runProtected(DelegatingTestResult.java:90)
	at junit.framework.TestResult.run(TestResult.java:118)
	at android.support.test.internal.runner.junit3.AndroidTestResult.run(AndroidTestResult.java:49)
	at junit.framework.TestCase.run(TestCase.java:124)
	at android.support.test.internal.runner.junit3.NonLeakyTestSuite$NonLeakyTest.run(NonLeakyTestSuite.java:63)
	at junit.framework.TestSuite.runTest(TestSuite.java:243)
	at junit.framework.TestSuite.run(TestSuite.java:238)
	at android.support.test.internal.runner.junit3.DelegatingTestSuite.run(DelegatingTestSuite.java:103)
	at android.support.test.internal.runner.junit3.AndroidTestSuite.run(AndroidTestSuite.java:63)
	at android.support.test.internal.runner.junit3.JUnit38ClassRunner.run(JUnit38ClassRunner.java:90)
	at org.junit.runners.Suite.runChild(Suite.java:128)
	at org.junit.runners.Suite.runChild(Suite.java:27)
	at org.junit.runners.ParentRunner$3.run(ParentRunner.java:290)
	at org.junit.runners.ParentRunner$1.schedule(ParentRunner.java:71)
	at org.junit.runners.ParentRunner.runChildren(ParentRunner.java:288)
	at org.junit.runners.ParentRunner.access$000(ParentRunner.java:58)
	at org.junit.runners.ParentRunner$2.evaluate(ParentRunner.java:268)
	at org.junit.runners.ParentRunner.run(ParentRunner.java:363)
	at org.junit.runner.JUnitCore.run(JUnitCore.java:137)
	at org.junit.runner.JUnitCore.run(JUnitCore.java:115)
	at android.support.test.internal.runner.TestExecutor.execute(TestExecutor.java:54)
	at android.support.test.runner.AndroidJUnitRunner.onStart(AndroidJUnitRunner.java:228)
	at android.app.Instrumentation$InstrumentationThread.run(Instrumentation.java:1932)
5) testLoginFailCheck(com.amazonaws.devicefarm.android.referenceapp.Categories.LoginPageTest)
java.lang.RuntimeException: Could not launch intent Intent { act=android.intent.action.MAIN flg=0x10000000 cmp=com.amazonaws.devicefarm.android.referenceapp/.Activities.MainActivity } within 45 seconds. Perhaps the main thread has not gone idle within a reasonable amount of time? There could be an animation or something constantly repainting the screen. Or the activity is doing network calls on creation? See the threaddump logs. For your reference the last time the event queue was idle before your activity launch request was 1547262623515 and now the last time the queue went idle was: 1547262668220. If these numbers are the same your activity might be hogging the event queue.
	at android.support.test.runner.MonitoringInstrumentation.startActivitySync(MonitoringInstrumentation.java:315)
	at android.test.InstrumentationTestCase.launchActivityWithIntent(InstrumentationTestCase.java:125)
	at android.test.InstrumentationTestCase.launchActivity(InstrumentationTestCase.java:103)
	at android.test.ActivityInstrumentationTestCase2.getActivity(ActivityInstrumentationTestCase2.java:104)
	at com.amazonaws.devicefarm.android.referenceapp.BaseADFTest.setUp(BaseADFTest.java:68)
	at junit.framework.TestCase.runBare(TestCase.java:132)
	at junit.framework.TestResult$1.protect(TestResult.java:115)
	at junit.framework.TestResult.runProtected(TestResult.java:133)
	at android.support.test.internal.runner.junit3.DelegatingTestResult.runProtected(DelegatingTestResult.java:90)
	at junit.framework.TestResult.run(TestResult.java:118)
	at android.support.test.internal.runner.junit3.AndroidTestResult.run(AndroidTestResult.java:49)
	at junit.framework.TestCase.run(TestCase.java:124)
	at android.support.test.internal.runner.junit3.NonLeakyTestSuite$NonLeakyTest.run(NonLeakyTestSuite.java:63)
	at junit.framework.TestSuite.runTest(TestSuite.java:243)
	at junit.framework.TestSuite.run(TestSuite.java:238)
	at android.support.test.internal.runner.junit3.DelegatingTestSuite.run(DelegatingTestSuite.java:103)
	at android.support.test.internal.runner.junit3.AndroidTestSuite.run(AndroidTestSuite.java:63)
	at android.support.test.internal.runner.junit3.JUnit38ClassRunner.run(JUnit38ClassRunner.java:90)
	at org.junit.runners.Suite.runChild(Suite.java:128)
	at org.junit.runners.Suite.runChild(Suite.java:27)
	at org.junit.runners.ParentRunner$3.run(ParentRunner.java:290)
	at org.junit.runners.ParentRunner$1.schedule(ParentRunner.java:71)
	at org.junit.runners.ParentRunner.runChildren(ParentRunner.java:288)
	at org.junit.runners.ParentRunner.access$000(ParentRunner.java:58)
	at org.junit.runners.ParentRunner$2.evaluate(ParentRunner.java:268)
	at org.junit.runners.ParentRunner.run(ParentRunner.java:363)
	at org.junit.runner.JUnitCore.run(JUnitCore.java:137)
	at org.junit.runner.JUnitCore.run(JUnitCore.java:115)
	at android.support.test.internal.runner.TestExecutor.execute(TestExecutor.java:54)
	at android.support.test.runner.AndroidJUnitRunner.onStart(AndroidJUnitRunner.java:228)
	at android.app.Instrumentation$InstrumentationThread.run(Instrumentation.java:1932)
6) testLoginPassCheck(com.amazonaws.devicefarm.android.referenceapp.Categories.LoginPageTest)
java.lang.RuntimeException: Could not launch intent Intent { act=android.intent.action.MAIN flg=0x10000000 cmp=com.amazonaws.devicefarm.android.referenceapp/.Activities.MainActivity } within 45 seconds. Perhaps the main thread has not gone idle within a reasonable amount of time? There could be an animation or something constantly repainting the screen. Or the activity is doing network calls on creation? See the threaddump logs. For your reference the last time the event queue was idle before your activity launch request was 1547262668562 and now the last time the queue went idle was: 1547262713406. If these numbers are the same your activity might be hogging the event queue.
	at android.support.test.runner.MonitoringInstrumentation.startActivitySync(MonitoringInstrumentation.java:315)
	at android.test.InstrumentationTestCase.launchActivityWithIntent(InstrumentationTestCase.java:125)
	at android.test.InstrumentationTestCase.launchActivity(InstrumentationTestCase.java:103)
	at android.test.ActivityInstrumentationTestCase2.getActivity(ActivityInstrumentationTestCase2.java:104)
	at com.amazonaws.devicefarm.android.referenceapp.BaseADFTest.setUp(BaseADFTest.java:68)
	at junit.framework.TestCase.runBare(TestCase.java:132)
	at junit.framework.TestResult$1.protect(TestResult.java:115)
	at junit.framework.TestResult.runProtected(TestResult.java:133)
	at android.support.test.internal.runner.junit3.DelegatingTestResult.runProtected(DelegatingTestResult.java:90)
	at junit.framework.TestResult.run(TestResult.java:118)
	at android.support.test.internal.runner.junit3.AndroidTestResult.run(AndroidTestResult.java:49)
	at junit.framework.TestCase.run(TestCase.java:124)
	at android.support.test.internal.runner.junit3.NonLeakyTestSuite$NonLeakyTest.run(NonLeakyTestSuite.java:63)
	at junit.framework.TestSuite.runTest(TestSuite.java:243)
	at junit.framework.TestSuite.run(TestSuite.java:238)
	at android.support.test.internal.runner.junit3.DelegatingTestSuite.run(DelegatingTestSuite.java:103)
	at android.support.test.internal.runner.junit3.AndroidTestSuite.run(AndroidTestSuite.java:63)
	at android.support.test.internal.runner.junit3.JUnit38ClassRunner.run(JUnit38ClassRunner.java:90)
	at org.junit.runners.Suite.runChild(Suite.java:128)
	at org.junit.runners.Suite.runChild(Suite.java:27)
	at org.junit.runners.ParentRunner$3.run(ParentRunner.java:290)
	at org.junit.runners.ParentRunner$1.schedule(ParentRunner.java:71)
	at org.junit.runners.ParentRunner.runChildren(ParentRunner.java:288)
	at org.junit.runners.ParentRunner.access$000(ParentRunner.java:58)
	at org.junit.runners.ParentRunner$2.evaluate(ParentRunner.java:268)
	at org.junit.runners.ParentRunner.run(ParentRunner.java:363)
	at org.junit.runner.JUnitCore.run(JUnitCore.java:137)
	at org.junit.runner.JUnitCore.run(JUnitCore.java:115)
	at android.support.test.internal.runner.TestExecutor.execute(TestExecutor.java:54)
	at android.support.test.runner.AndroidJUnitRunner.onStart(AndroidJUnitRunner.java:228)
	at android.app.Instrumentation$InstrumentationThread.run(Instrumentation.java:1932)
7) testSanity(com.amazonaws.devicefarm.android.referenceapp.Categories.LoginPageTest)
java.lang.RuntimeException: Could not launch intent Intent { act=android.intent.action.MAIN flg=0x10000000 cmp=com.amazonaws.devicefarm.android.referenceapp/.Activities.MainActivity } within 45 seconds. Perhaps the main thread has not gone idle within a reasonable amount of time? There could be an animation or something constantly repainting the screen. Or the activity is doing network calls on creation? See the threaddump logs. For your reference the last time the event queue was idle before your activity launch request was 1547262713615 and now the last time the queue went idle was: 1547262758597. If these numbers are the same your activity might be hogging the event queue.
	at android.support.test.runner.MonitoringInstrumentation.startActivitySync(MonitoringInstrumentation.java:315)
	at android.test.InstrumentationTestCase.launchActivityWithIntent(InstrumentationTestCase.java:125)
	at android.test.InstrumentationTestCase.launchActivity(InstrumentationTestCase.java:103)
	at android.test.ActivityInstrumentationTestCase2.getActivity(ActivityInstrumentationTestCase2.java:104)
	at com.amazonaws.devicefarm.android.referenceapp.BaseADFTest.setUp(BaseADFTest.java:68)
	at junit.framework.TestCase.runBare(TestCase.java:132)
	at junit.framework.TestResult$1.protect(TestResult.java:115)
	at junit.framework.TestResult.runProtected(TestResult.java:133)
	at android.support.test.internal.runner.junit3.DelegatingTestResult.runProtected(DelegatingTestResult.java:90)
	at junit.framework.TestResult.run(TestResult.java:118)
	at android.support.test.internal.runner.junit3.AndroidTestResult.run(AndroidTestResult.java:49)
	at junit.framework.TestCase.run(TestCase.java:124)
	at android.support.test.internal.runner.junit3.NonLeakyTestSuite$NonLeakyTest.run(NonLeakyTestSuite.java:63)
	at junit.framework.TestSuite.runTest(TestSuite.java:243)
	at junit.framework.TestSuite.run(TestSuite.java:238)
	at android.support.test.internal.runner.junit3.DelegatingTestSuite.run(DelegatingTestSuite.java:103)
	at android.support.test.internal.runner.junit3.AndroidTestSuite.run(AndroidTestSuite.java:63)
	at android.support.test.internal.runner.junit3.JUnit38ClassRunner.run(JUnit38ClassRunner.java:90)
	at org.junit.runners.Suite.runChild(Suite.java:128)
	at org.junit.runners.Suite.runChild(Suite.java:27)
	at org.junit.runners.ParentRunner$3.run(ParentRunner.java:290)
	at org.junit.runners.ParentRunner$1.schedule(ParentRunner.java:71)
	at org.junit.runners.ParentRunner.runChildren(ParentRunner.java:288)
	at org.junit.runners.ParentRunner.access$000(ParentRunner.java:58)
	at org.junit.runners.ParentRunner$2.evaluate(ParentRunner.java:268)
	at org.junit.runners.ParentRunner.run(ParentRunner.java:363)
	at org.junit.runner.JUnitCore.run(JUnitCore.java:137)
	at org.junit.runner.JUnitCore.run(JUnitCore.java:115)
	at android.support.test.internal.runner.TestExecutor.execute(TestExecutor.java:54)
	at android.support.test.runner.AndroidJUnitRunner.onStart(AndroidJUnitRunner.java:228)
	at android.app.Instrumentation$InstrumentationThread.run(Instrumentation.java:1932)

FAILURES!!!
Tests run: 14,  Failures: 7


INSTRUMENTATION_CODE: -1
